#
# A fatal error has been detected by the Java Runtime Environment:
#
#  SIGSEGV (0xb) at pc=0x00007fff98ac1064, pid=1139, tid=112151
#
# JRE version: Java(TM) SE Runtime Environment (8.0_60-b27) (build 1.8.0_60-b27)
# Java VM: Java HotSpot(TM) 64-Bit Server VM (25.60-b23 mixed mode bsd-amd64 compressed oops)
# Problematic frame:
# C  [libobjc.A.dylib+0x9064]  objc_retain+0x14
#
# Failed to write core dump. Core dumps have been disabled. To enable core dumping, try "ulimit -c unlimited" before starting Java again
#
# If you would like to submit a bug report, please visit:
#   http://bugreport.java.com/bugreport/crash.jsp
#

---------------  T H R E A D  ---------------

Current thread is native thread

siginfo: si_signo: 11 (SIGSEGV), si_code: 0 (unknown), si_addr: 0x0000000000000000

Registers:
RAX=0xd000000000000000, RBX=0x0000000000000003, RCX=0x00007fff9702f9fc, RDX=0x0000000000000003
RSP=0x00000001af8b8338, RBP=0x00000001af8b8360, RSI=0x00007ffc016ad920, RDI=0x00007ffc016ad920
R8 =0x00000000000000ff, R9 =0x00007ffc015809c0, R10=0x00007ffc082ab750, R11=0x00007ffa54713320
R12=0x00007fff915b56f4, R13=0x0000000080000000, R14=0x00007ffc03fcb770, R15=0x00007ffc016ad920
RIP=0x00007fff98ac1064, EFLAGS=0x0000000000010246, ERR=0x0000000000000000
  TRAPNO=0x000000000000000d

Top of Stack: (sp=0x00000001af8b8338)
0x00000001af8b8338:   00007fff9702f90f 00007fff7f04e890
0x00000001af8b8348:   00007ffc03fcb750 00000001af8b8430
0x00000001af8b8358:   00007fff7f04e890 00000001af8b8380
0x00000001af8b8368:   00007fff9744886f 00000001af8b8430
0x00000001af8b8378:   00007ffc03fcb750 00000001af8b83c0
0x00000001af8b8388:   00007fff9702f5a5 00007fff97448808
0x00000001af8b8398:   00000001af8b8430 00007fff915b56f4
0x00000001af8b83a8:   0000000080000000 00007ffc016aefc0
0x00000001af8b83b8:   0000000000000000 00000001af8b83e0
0x00000001af8b83c8:   00007fff915b319e 00007fff97448808
0x00000001af8b83d8:   0000000000000000 00000001af8b8420
0x00000001af8b83e8:   00007fff915b2eb4 00007ffc015809c0
0x00000001af8b83f8:   00007ffc015809c0 00007ffc078a2620
0x00000001af8b8408:   00007ffc078a2620 00007ffc016aefc0
0x00000001af8b8418:   00000001af8b8590 00000001af8b8470
0x00000001af8b8428:   00007fff974487ff 00007fff7ef7f0d0
0x00000001af8b8438:   0000000042000000 00007fff97448808
0x00000001af8b8448:   00007fff7f04e890 00007ffc016ad920
0x00000001af8b8458:   00007ffc015809c0 00007ffc01581350
0x00000001af8b8468:   0000000000000000 00000001af8b8490
0x00000001af8b8478:   00007fff915b1e73 000000000001b617
0x00000001af8b8488:   00007ffc01581350 00000001af8b84b0
0x00000001af8b8498:   00007fff915b28ca 00007ffc015809c0
0x00000001af8b84a8:   00007ffc01581350 00000001af8b8540
0x00000001af8b84b8:   00007fff97446e73 00007ffc078a2620
0x00000001af8b84c8:   00007ffc078a2620 0000000000000003
0x00000001af8b84d8:   00000001af8b8590 00000001af8b8520
0x00000001af8b84e8:   00007fff93dfa9ea 00007ffc01581038
0x00000001af8b84f8:   0000206001581000 00007fff7ef7f0d0
0x00000001af8b8508:   0000000042000000 00007fff974488bb
0x00000001af8b8518:   00007fff7f04e8c0 00007ffc01580de0
0x00000001af8b8528:   00007ffc015809c0 00007ffc01580f40 

Instructions: (pc=0x00007fff98ac1064)
0x00007fff98ac1044:   5f 5d c3 90 90 90 90 90 90 90 90 90 31 c0 48 85
0x00007fff98ac1054:   ff 74 09 40 f6 c7 01 74 04 48 89 f8 c3 48 8b 07
0x00007fff98ac1064:   f6 40 20 02 74 05 e9 55 83 01 00 48 8d 05 62 9a
0x00007fff98ac1074:   7f e6 48 8b 30 e9 42 80 ff ff 90 90 90 90 90 90 

Register to memory mapping:

RAX=0xd000000000000000 is an unknown value
RBX=0x0000000000000003 is an unknown value
RCX=0x00007fff9702f9fc: _Block_object_assign+0x1e3 in /usr/lib/system/libsystem_blocks.dylib at 0x00007fff9702e000
RDX=0x0000000000000003 is an unknown value
RSP=0x00000001af8b8338 is an unknown value
RBP=0x00000001af8b8360 is an unknown value
RSI=0x00007ffc016ad920 is an unknown value
RDI=0x00007ffc016ad920 is an unknown value
R8 =0x00000000000000ff is an unknown value
R9 =0x00007ffc015809c0 is an unknown value
R10=0x00007ffc082ab750 is an unknown value
R11=0x00007ffa54713320 is an unknown value
R12=0x00007fff915b56f4: _dispatch_call_block_and_release+0 in /usr/lib/system/libdispatch.dylib at 0x00007fff915b0000
R13=0x0000000080000000 is an unknown value
R14=0x00007ffc03fcb770 is an unknown value
R15=0x00007ffc016ad920 is an unknown value


Stack: [0x00000001af83a000,0x00000001af8ba000],  sp=0x00000001af8b8338,  free space=504k
Native frames: (J=compiled Java code, j=interpreted, Vv=VM code, C=native code)
C  [libobjc.A.dylib+0x9064]  objc_retain+0x14
C  [AVFoundation+0x10386f]  __copy_helper_block_189+0x1f
C  [libsystem_blocks.dylib+0x15a5]  _Block_copy_internal+0x155
C  [libdispatch.dylib+0x319e]  _dispatch_Block_copy+0x2b
C  [libdispatch.dylib+0x2eb4]  dispatch_async+0x3f
C  [AVFoundation+0x1037ff]  -[AVPlayerItemVideoOutput _dispatchOutputSequenceWasFlushed]+0x84
C  [libdispatch.dylib+0x1e73]  _dispatch_client_callout+0x8
C  [libdispatch.dylib+0x28ca]  _dispatch_barrier_sync_f_invoke+0x39
C  [AVFoundation+0x101e73]  AVPlayerItemVideoOutput_figVCSequentialAvailable+0xef
C  [MediaToolbox+0x6ba86]  FigVisualContextImageAvailableSequential+0x5f
C  [MediaToolbox+0x1e54b6]  FigImageQueueCreateForDiscarding+0x14f0
C  [MediaToolbox+0x1e4901]  FigImageQueueCreateForDiscarding+0x93b
C  [MediaToolbox+0x544d3]  VMC2MakeOutputCallbacksForImageQueueArray+0xa08
C  [MediaToolbox+0x6a3c6]  VMC2SetProperty+0x22db
C  [VideoToolbox+0xd35a]  VTDecoderSessionSetPixelBufferAttributes+0x2b7
C  [VideoToolbox+0xd204]  VTDecoderSessionSetPixelBufferAttributes+0x161
C  [VideoToolbox+0x97286]  VTRemoteVideoDecoderGetClassID+0xb86
C  [VideoToolbox+0x8e3cb]  VCH263VideoDecoder_CreateInstance+0x249d
C  [VideoToolbox+0x8e439]  VCH263VideoDecoder_CreateInstance+0x250b
C  [VideoToolbox+0x9766a]  VTRemoteVideoDecoderGetClassID+0xf6a
C  [CoreMedia+0x33ef5]  figThreadMain+0x1a1
C  [libsystem_pthread.dylib+0x405a]  _pthread_body+0x83
C  [libsystem_pthread.dylib+0x3fd7]  _pthread_body+0x0
C  [libsystem_pthread.dylib+0x13ed]  thread_start+0xd


---------------  P R O C E S S  ---------------

VM state:not at safepoint (normal execution)

VM Mutex/Monitor currently owned by a thread: None

Heap:
 PSYoungGen      total 302592K, used 145843K [0x0000000146300000, 0x000000015b700000, 0x000000015b800000)
  eden space 301568K, 48% used [0x0000000146300000,0x000000014f12cee0,0x0000000158980000)
  from space 1024K, 25% used [0x000000015b500000,0x000000015b540000,0x000000015b600000)
  to   space 1024K, 0% used [0x000000015b600000,0x000000015b600000,0x000000015b700000)
 ParOldGen       total 73216K, used 48772K [0x000000011b800000, 0x000000011ff80000, 0x0000000146300000)
  object space 73216K, 66% used [0x000000011b800000,0x000000011e7a1108,0x000000011ff80000)
 Metaspace       used 13222K, capacity 13840K, committed 13952K, reserved 1060864K
  class space    used 1718K, capacity 1868K, committed 1920K, reserved 1048576K

Card table byte_map: [0x000000015b800000,0x000000015ba01000] byte_map_base: 0x000000015af24000

Marking Bits: (ParMarkBitMap*) 0x000000010b8dee20
 Begin Bits: [0x000000015c219000, 0x000000015d219000)
 End Bits:   [0x000000015d219000, 0x000000015e219000)

Polling page: 0x000000010c0d3000

CodeCache: size=245760Kb used=5477Kb max_used=5500Kb free=240282Kb
 bounds [0x000000010c0e6000, 0x000000010c656000, 0x000000011b0e6000]
 total_blobs=2362 nmethods=1741 adapters=534
 compilation: enabled

Compilation events (10 events):
Event: 85.646 Thread 0x00007ffc02007000 1798       1       java.lang.invoke.InnerClassLambdaMetafactory::access$600 (5 bytes)
Event: 85.646 Thread 0x00007ffc02007000 nmethod 1798 0x000000010c643c50 code [0x000000010c643da0, 0x000000010c643e90]
Event: 85.646 Thread 0x00007ffc02007000 1800       3       java.lang.invoke.ConstantCallSite::getTarget (20 bytes)
Event: 85.646 Thread 0x00007ffc02007000 nmethod 1800 0x000000010c643790 code [0x000000010c643900, 0x000000010c643b68]
Event: 85.646 Thread 0x00007ffc02007000 1799       1       java.lang.invoke.InnerClassLambdaMetafactory::access$700 (5 bytes)
Event: 85.647 Thread 0x00007ffc02007000 nmethod 1799 0x000000010c6434d0 code [0x000000010c643620, 0x000000010c643710]
Event: 85.679 Thread 0x00007ffc02006800 1801       4       java.util.concurrent.locks.ReentrantLock::lockInterruptibly (9 bytes)
Event: 85.681 Thread 0x00007ffc02006800 nmethod 1801 0x000000010c643010 code [0x000000010c643180, 0x000000010c643328]
Event: 85.843 Thread 0x00007ffc02007000 1802       3       java.lang.invoke.TypeConvertingMethodAdapter::descriptorToName (36 bytes)
Event: 85.843 Thread 0x00007ffc02007000 nmethod 1802 0x000000010c1fa350 code [0x000000010c1fa520, 0x000000010c1fac48]

GC Heap History (10 events):
Event: 61.327 GC heap before
{Heap before GC invocations=56 (full 1):
 PSYoungGen      total 348160K, used 347296K [0x0000000146300000, 0x000000015b800000, 0x000000015b800000)
  eden space 347136K, 100% used [0x0000000146300000,0x000000015b600000,0x000000015b600000)
  from space 1024K, 15% used [0x000000015b700000,0x000000015b728000,0x000000015b800000)
  to   space 1024K, 0% used [0x000000015b600000,0x000000015b600000,0x000000015b700000)
 ParOldGen       total 73216K, used 48684K [0x000000011b800000, 0x000000011ff80000, 0x0000000146300000)
  object space 73216K, 66% used [0x000000011b800000,0x000000011e78b108,0x000000011ff80000)
 Metaspace       used 13114K, capacity 13596K, committed 13696K, reserved 1060864K
  class space    used 1695K, capacity 1840K, committed 1920K, reserved 1048576K
Event: 61.328 GC heap after
Heap after GC invocations=56 (full 1):
 PSYoungGen      total 348160K, used 160K [0x0000000146300000, 0x000000015b800000, 0x000000015b800000)
  eden space 347136K, 0% used [0x0000000146300000,0x0000000146300000,0x000000015b600000)
  from space 1024K, 15% used [0x000000015b600000,0x000000015b628000,0x000000015b700000)
  to   space 1024K, 0% used [0x000000015b700000,0x000000015b700000,0x000000015b800000)
 ParOldGen       total 73216K, used 48684K [0x000000011b800000, 0x000000011ff80000, 0x0000000146300000)
  object space 73216K, 66% used [0x000000011b800000,0x000000011e78b108,0x000000011ff80000)
 Metaspace       used 13114K, capacity 13596K, committed 13696K, reserved 1060864K
  class space    used 1695K, capacity 1840K, committed 1920K, reserved 1048576K
}
Event: 65.892 GC heap before
{Heap before GC invocations=57 (full 1):
 PSYoungGen      total 348160K, used 347296K [0x0000000146300000, 0x000000015b800000, 0x000000015b800000)
  eden space 347136K, 100% used [0x0000000146300000,0x000000015b600000,0x000000015b600000)
  from space 1024K, 15% used [0x000000015b600000,0x000000015b628000,0x000000015b700000)
  to   space 1024K, 0% used [0x000000015b700000,0x000000015b700000,0x000000015b800000)
 ParOldGen       total 73216K, used 48684K [0x000000011b800000, 0x000000011ff80000, 0x0000000146300000)
  object space 73216K, 66% used [0x000000011b800000,0x000000011e78b108,0x000000011ff80000)
 Metaspace       used 13115K, capacity 13596K, committed 13696K, reserved 1060864K
  class space    used 1695K, capacity 1840K, committed 1920K, reserved 1048576K
Event: 65.893 GC heap after
Heap after GC invocations=57 (full 1):
 PSYoungGen      total 348160K, used 224K [0x0000000146300000, 0x000000015b800000, 0x000000015b800000)
  eden space 347136K, 0% used [0x0000000146300000,0x0000000146300000,0x000000015b600000)
  from space 1024K, 21% used [0x000000015b700000,0x000000015b738000,0x000000015b800000)
  to   space 1024K, 0% used [0x000000015b600000,0x000000015b600000,0x000000015b700000)
 ParOldGen       total 73216K, used 48724K [0x000000011b800000, 0x000000011ff80000, 0x0000000146300000)
  object space 73216K, 66% used [0x000000011b800000,0x000000011e795108,0x000000011ff80000)
 Metaspace       used 13115K, capacity 13596K, committed 13696K, reserved 1060864K
  class space    used 1695K, capacity 1840K, committed 1920K, reserved 1048576K
}
Event: 70.793 GC heap before
{Heap before GC invocations=58 (full 1):
 PSYoungGen      total 348160K, used 347360K [0x0000000146300000, 0x000000015b800000, 0x000000015b800000)
  eden space 347136K, 100% used [0x0000000146300000,0x000000015b600000,0x000000015b600000)
  from space 1024K, 21% used [0x000000015b700000,0x000000015b738000,0x000000015b800000)
  to   space 1024K, 0% used [0x000000015b600000,0x000000015b600000,0x000000015b700000)
 ParOldGen       total 73216K, used 48724K [0x000000011b800000, 0x000000011ff80000, 0x0000000146300000)
  object space 73216K, 66% used [0x000000011b800000,0x000000011e795108,0x000000011ff80000)
 Metaspace       used 13115K, capacity 13596K, committed 13696K, reserved 1060864K
  class space    used 1695K, capacity 1840K, committed 1920K, reserved 1048576K
Event: 70.794 GC heap after
Heap after GC invocations=58 (full 1):
 PSYoungGen      total 331776K, used 256K [0x0000000146300000, 0x000000015b780000, 0x000000015b800000)
  eden space 331264K, 0% used [0x0000000146300000,0x0000000146300000,0x000000015a680000)
  from space 512K, 50% used [0x000000015b600000,0x000000015b640000,0x000000015b680000)
  to   space 1024K, 0% used [0x000000015b680000,0x000000015b680000,0x000000015b780000)
 ParOldGen       total 73216K, used 48772K [0x000000011b800000, 0x000000011ff80000, 0x0000000146300000)
  object space 73216K, 66% used [0x000000011b800000,0x000000011e7a1108,0x000000011ff80000)
 Metaspace       used 13115K, capacity 13596K, committed 13696K, reserved 1060864K
  class space    used 1695K, capacity 1840K, committed 1920K, reserved 1048576K
}
Event: 76.591 GC heap before
{Heap before GC invocations=59 (full 1):
 PSYoungGen      total 331776K, used 331520K [0x0000000146300000, 0x000000015b780000, 0x000000015b800000)
  eden space 331264K, 100% used [0x0000000146300000,0x000000015a680000,0x000000015a680000)
  from space 512K, 50% used [0x000000015b600000,0x000000015b640000,0x000000015b680000)
  to   space 1024K, 0% used [0x000000015b680000,0x000000015b680000,0x000000015b780000)
 ParOldGen       total 73216K, used 48772K [0x000000011b800000, 0x000000011ff80000, 0x0000000146300000)
  object space 73216K, 66% used [0x000000011b800000,0x000000011e7a1108,0x000000011ff80000)
 Metaspace       used 13115K, capacity 13596K, committed 13696K, reserved 1060864K
  class space    used 1695K, capacity 1840K, committed 1920K, reserved 1048576K
Event: 76.592 GC heap after
Heap after GC invocations=59 (full 1):
 PSYoungGen      total 316416K, used 256K [0x0000000146300000, 0x000000015b700000, 0x000000015b800000)
  eden space 315904K, 0% used [0x0000000146300000,0x0000000146300000,0x0000000159780000)
  from space 512K, 50% used [0x000000015b680000,0x000000015b6c0000,0x000000015b700000)
  to   space 1024K, 0% used [0x000000015b500000,0x000000015b500000,0x000000015b600000)
 ParOldGen       total 73216K, used 48772K [0x000000011b800000, 0x000000011ff80000, 0x0000000146300000)
  object space 73216K, 66% used [0x000000011b800000,0x000000011e7a1108,0x000000011ff80000)
 Metaspace       used 13115K, capacity 13596K, committed 13696K, reserved 1060864K
  class space    used 1695K, capacity 1840K, committed 1920K, reserved 1048576K
}
Event: 82.975 GC heap before
{Heap before GC invocations=60 (full 1):
 PSYoungGen      total 316416K, used 316160K [0x0000000146300000, 0x000000015b700000, 0x000000015b800000)
  eden space 315904K, 100% used [0x0000000146300000,0x0000000159780000,0x0000000159780000)
  from space 512K, 50% used [0x000000015b680000,0x000000015b6c0000,0x000000015b700000)
  to   space 1024K, 0% used [0x000000015b500000,0x000000015b500000,0x000000015b600000)
 ParOldGen       total 73216K, used 48772K [0x000000011b800000, 0x000000011ff80000, 0x0000000146300000)
  object space 73216K, 66% used [0x000000011b800000,0x000000011e7a1108,0x000000011ff80000)
 Metaspace       used 13115K, capacity 13596K, committed 13696K, reserved 1060864K
  class space    used 1695K, capacity 1840K, committed 1920K, reserved 1048576K
Event: 82.976 GC heap after
Heap after GC invocations=60 (full 1):
 PSYoungGen      total 302592K, used 256K [0x0000000146300000, 0x000000015b700000, 0x000000015b800000)
  eden space 301568K, 0% used [0x0000000146300000,0x0000000146300000,0x0000000158980000)
  from space 1024K, 25% used [0x000000015b500000,0x000000015b540000,0x000000015b600000)
  to   space 1024K, 0% used [0x000000015b600000,0x000000015b600000,0x000000015b700000)
 ParOldGen       total 73216K, used 48772K [0x000000011b800000, 0x000000011ff80000, 0x0000000146300000)
  object space 73216K, 66% used [0x000000011b800000,0x000000011e7a1108,0x000000011ff80000)
 Metaspace       used 13115K, capacity 13596K, committed 13696K, reserved 1060864K
  class space    used 1695K, capacity 1840K, committed 1920K, reserved 1048576K
}

Deoptimization events (10 events):
Event: 41.382 Thread 0x00007ffc028cf000 Uncommon trap: reason=unstable_if action=reinterpret pc=0x000000010c5c5204 method=java.util.HashMap.removeNode(ILjava/lang/Object;Ljava/lang/Object;ZZ)Ljava/util/HashMap$Node; @ 133
Event: 45.298 Thread 0x00007ffc028cf000 Uncommon trap: reason=unstable_if action=reinterpret pc=0x000000010c609eb0 method=java.util.HashMap.removeNode(ILjava/lang/Object;Ljava/lang/Object;ZZ)Ljava/util/HashMap$Node; @ 133
Event: 48.908 Thread 0x00007ffc078d1000 Uncommon trap: reason=unstable_if action=reinterpret pc=0x000000010c5cd3bc method=java.security.AccessControlContext.optimize()Ljava/security/AccessControlContext; @ 233
Event: 84.200 Thread 0x00007ffc028cf000 Uncommon trap: reason=unstable_if action=reinterpret pc=0x000000010c61cfc8 method=java.lang.Long.valueOf(J)Ljava/lang/Long; @ 13
Event: 84.203 Thread 0x00007ffc028cf000 Uncommon trap: reason=unstable_if action=reinterpret pc=0x000000010c5188c8 method=java.util.concurrent.locks.ReentrantLock$Sync.isHeldExclusively()Z @ 7
Event: 85.639 Thread 0x00007ffc028cf000 Uncommon trap: reason=unstable_if action=reinterpret pc=0x000000010c628b38 method=com.sun.javafx.application.PlatformImpl.checkIdle()V @ 40
Event: 85.647 Thread 0x00007ffc01a65000 Uncommon trap: reason=unstable_if action=reinterpret pc=0x000000010c63a670 method=com.sun.javafx.application.PlatformImpl.runLater(Ljava/lang/Runnable;Z)V @ 48
Event: 85.790 Thread 0x00007ffc078d1000 Uncommon trap: reason=unstable_if action=reinterpret pc=0x000000010c5bcd38 method=java.security.AccessControlContext.optimize()Ljava/security/AccessControlContext; @ 233
Event: 85.843 Thread 0x00007ffc028cf000 Uncommon trap: reason=unstable_if action=reinterpret pc=0x000000010c4e3324 method=java.util.concurrent.locks.ReentrantLock$Sync.tryRelease(I)Z @ 28
Event: 85.843 Thread 0x00007ffc020b5800 Uncommon trap: reason=unstable_if action=reinterpret pc=0x000000010c5f3594 method=java.util.concurrent.locks.AbstractQueuedSynchronizer$ConditionObject.checkInterruptWhileWaiting(Ljava/util/concurrent/locks/AbstractQueuedSynchronizer$Node;)I @ 3

Internal exceptions (10 events):
Event: 1.057 Thread 0x00007ffc028cf000 Exception <a 'java/lang/NullPointerException'> (0x0000000146dcce80) thrown at [/Users/java_re/workspace/8-2-build-macosx-x86_64/jdk8u60/4407/hotspot/src/share/vm/prims/jvm.cpp, line 1390]
Event: 1.789 Thread 0x00007ffc028cf000 Implicit null exception at 0x000000010c2f01b5 to 0x000000010c2f0515
Event: 1.878 Thread 0x00007ffc028cf000 Exception <a 'java/lang/NullPointerException'> (0x0000000147207c20) thrown at [/Users/java_re/workspace/8-2-build-macosx-x86_64/jdk8u60/4407/hotspot/src/share/vm/interpreter/linkResolver.cpp, line 1280]
Event: 2.068 Thread 0x00007ffc028cf000 Exception <a 'java/lang/NullPointerException'> (0x000000014db1fae0) thrown at [/Users/java_re/workspace/8-2-build-macosx-x86_64/jdk8u60/4407/hotspot/src/share/vm/interpreter/linkResolver.cpp, line 1280]
Event: 2.126 Thread 0x00007ffc028cf000 Exception <a 'java/lang/NullPointerException'> (0x000000014dfa6930) thrown at [/Users/java_re/workspace/8-2-build-macosx-x86_64/jdk8u60/4407/hotspot/src/share/vm/interpreter/linkResolver.cpp, line 1280]
Event: 2.717 Thread 0x00007ffc028cf000 Exception <a 'java/lang/NullPointerException'> (0x0000000153928190) thrown at [/Users/java_re/workspace/8-2-build-macosx-x86_64/jdk8u60/4407/hotspot/src/share/vm/interpreter/linkResolver.cpp, line 1280]
Event: 2.828 Thread 0x00007ffc028cf000 Exception <a 'java/lang/NullPointerException'> (0x000000014ba64658) thrown at [/Users/java_re/workspace/8-2-build-macosx-x86_64/jdk8u60/4407/hotspot/src/share/vm/interpreter/linkResolver.cpp, line 1280]
Event: 48.907 Thread 0x00007ffc078d1000 Exception <a 'java/net/SocketTimeoutException': Receive timed out> (0x0000000152076e60) thrown at [/Users/java_re/workspace/8-2-build-macosx-x86_64/jdk8u60/4407/hotspot/src/share/vm/prims/jni.cpp, line 735]
Event: 59.418 Thread 0x00007ffc078d1000 Exception <a 'java/net/SocketTimeoutException': Receive timed out> (0x00000001526a76c8) thrown at [/Users/java_re/workspace/8-2-build-macosx-x86_64/jdk8u60/4407/hotspot/src/share/vm/prims/jni.cpp, line 735]
Event: 85.773 Thread 0x00007ffc078d1000 Exception <a 'java/net/SocketTimeoutException': Receive timed out> (0x000000014ef28950) thrown at [/Users/java_re/workspace/8-2-build-macosx-x86_64/jdk8u60/4407/hotspot/src/share/vm/prims/jni.cpp, line 735]

Events (10 events):
Event: 85.843 Thread 0x00007ffc020b5800 Uncommon trap: trap_request=0xffffff65 fr.pc=0x000000010c5f3594
Event: 85.843 Thread 0x00007ffc028cf000 DEOPT UNPACKING pc=0x000000010c0eb229 sp=0x00007fff55d0bd98 mode 2
Event: 85.843 Thread 0x00007ffc020b5800 DEOPT PACKING pc=0x000000010c5f3594 sp=0x00000001a3007630
Event: 85.843 Thread 0x00007ffc020b5800 DEOPT UNPACKING pc=0x000000010c0eb229 sp=0x00000001a30075a8 mode 2
Event: 85.843 loading class com/sun/javafx/tk/quantum/QuantumToolkit
Event: 85.843 loading class com/sun/javafx/tk/quantum/QuantumToolkit done
Event: 85.843 Thread 0x00007ffc020b5800 Thread exited: 0x00007ffc020b5800
Event: 85.844 Thread 0x00007ffc01a65000 Thread exited: 0x00007ffc01a65000
Event: 85.844 Thread 0x00007ffc02802000 Thread exited: 0x00007ffc02802000
Event: 85.844 Thread 0x00007ffc0b034800 Thread added: 0x00007ffc0b034800


Dynamic libraries:
0x000000000d839000 	/System/Library/Frameworks/Cocoa.framework/Versions/A/Cocoa
0x000000000d839000 	/System/Library/Frameworks/Security.framework/Versions/A/Security
0x000000000d839000 	/System/Library/Frameworks/ApplicationServices.framework/Versions/A/ApplicationServices
0x000000000d839000 	/usr/lib/libz.1.dylib
0x000000000d839000 	/usr/lib/libSystem.B.dylib
0x000000000d839000 	/usr/lib/libobjc.A.dylib
0x000000000d839000 	/System/Library/Frameworks/CoreFoundation.framework/Versions/A/CoreFoundation
0x000000000d839000 	/System/Library/Frameworks/Foundation.framework/Versions/C/Foundation
0x000000000d839000 	/System/Library/Frameworks/AppKit.framework/Versions/C/AppKit
0x000000000d839000 	/System/Library/Frameworks/CoreData.framework/Versions/A/CoreData
0x000000000d839000 	/System/Library/PrivateFrameworks/RemoteViewServices.framework/Versions/A/RemoteViewServices
0x000000000d839000 	/System/Library/PrivateFrameworks/UIFoundation.framework/Versions/A/UIFoundation
0x000000000d839000 	/System/Library/Frameworks/IOSurface.framework/Versions/A/IOSurface
0x000000000d839000 	/System/Library/Frameworks/AudioToolbox.framework/Versions/A/AudioToolbox
0x000000000d839000 	/System/Library/Frameworks/AudioUnit.framework/Versions/A/AudioUnit
0x000000000d839000 	/System/Library/PrivateFrameworks/DataDetectorsCore.framework/Versions/A/DataDetectorsCore
0x000000000d839000 	/System/Library/PrivateFrameworks/DesktopServicesPriv.framework/Versions/A/DesktopServicesPriv
0x000000000d839000 	/System/Library/Frameworks/Carbon.framework/Versions/A/Frameworks/HIToolbox.framework/Versions/A/HIToolbox
0x000000000d839000 	/System/Library/Frameworks/QuartzCore.framework/Versions/A/QuartzCore
0x000000000d839000 	/System/Library/Frameworks/Carbon.framework/Versions/A/Frameworks/SpeechRecognition.framework/Versions/A/SpeechRecognition
0x000000000d839000 	/usr/lib/libauto.dylib
0x000000000d839000 	/usr/lib/libicucore.A.dylib
0x000000000d839000 	/usr/lib/libxml2.2.dylib
0x000000000d839000 	/System/Library/PrivateFrameworks/CoreUI.framework/Versions/A/CoreUI
0x000000000d839000 	/System/Library/Frameworks/CoreAudio.framework/Versions/A/CoreAudio
0x000000000d839000 	/System/Library/Frameworks/DiskArbitration.framework/Versions/A/DiskArbitration
0x000000000d839000 	/usr/lib/liblangid.dylib
0x000000000d839000 	/System/Library/PrivateFrameworks/MultitouchSupport.framework/Versions/A/MultitouchSupport
0x000000000d839000 	/System/Library/Frameworks/IOKit.framework/Versions/A/IOKit
0x000000000d839000 	/usr/lib/libDiagnosticMessagesClient.dylib
0x000000000d839000 	/System/Library/Frameworks/CoreServices.framework/Versions/A/CoreServices
0x000000000d839000 	/System/Library/PrivateFrameworks/PerformanceAnalysis.framework/Versions/A/PerformanceAnalysis
0x000000000d839000 	/System/Library/PrivateFrameworks/GenerationalStorage.framework/Versions/A/GenerationalStorage
0x000000000d839000 	/System/Library/Frameworks/OpenGL.framework/Versions/A/OpenGL
0x000000000d839000 	/System/Library/PrivateFrameworks/Sharing.framework/Versions/A/Sharing
0x000000000d839000 	/System/Library/Frameworks/CoreGraphics.framework/Versions/A/CoreGraphics
0x000000000d839000 	/System/Library/Frameworks/CoreText.framework/Versions/A/CoreText
0x000000000d839000 	/System/Library/Frameworks/ImageIO.framework/Versions/A/ImageIO
0x000000000d839000 	/usr/lib/libextension.dylib
0x000000000d839000 	/System/Library/PrivateFrameworks/Backup.framework/Versions/A/Backup
0x000000000d839000 	/usr/lib/libarchive.2.dylib
0x000000000d839000 	/System/Library/Frameworks/CFNetwork.framework/Versions/A/CFNetwork
0x000000000d839000 	/System/Library/Frameworks/SystemConfiguration.framework/Versions/A/SystemConfiguration
0x000000000d839000 	/usr/lib/libCRFSuite.dylib
0x000000000d839000 	/usr/lib/libc++.1.dylib
0x000000000d839000 	/usr/lib/libc++abi.dylib
0x000000000d839000 	/usr/lib/system/libcache.dylib
0x000000000d839000 	/usr/lib/system/libcommonCrypto.dylib
0x000000000d839000 	/usr/lib/system/libcompiler_rt.dylib
0x000000000d839000 	/usr/lib/system/libcopyfile.dylib
0x000000000d839000 	/usr/lib/system/libcorecrypto.dylib
0x000000000d839000 	/usr/lib/system/libdispatch.dylib
0x000000000d839000 	/usr/lib/system/libdyld.dylib
0x000000000d839000 	/usr/lib/system/libkeymgr.dylib
0x000000000d839000 	/usr/lib/system/liblaunch.dylib
0x000000000d839000 	/usr/lib/system/libmacho.dylib
0x000000000d839000 	/usr/lib/system/libquarantine.dylib
0x000000000d839000 	/usr/lib/system/libremovefile.dylib
0x000000000d839000 	/usr/lib/system/libsystem_asl.dylib
0x000000000d839000 	/usr/lib/system/libsystem_blocks.dylib
0x000000000d839000 	/usr/lib/system/libsystem_c.dylib
0x000000000d839000 	/usr/lib/system/libsystem_configuration.dylib
0x000000000d839000 	/usr/lib/system/libsystem_coreservices.dylib
0x000000000d839000 	/usr/lib/system/libsystem_coretls.dylib
0x000000000d839000 	/usr/lib/system/libsystem_dnssd.dylib
0x000000000d839000 	/usr/lib/system/libsystem_info.dylib
0x000000000d839000 	/usr/lib/system/libsystem_kernel.dylib
0x000000000d839000 	/usr/lib/system/libsystem_m.dylib
0x000000000d839000 	/usr/lib/system/libsystem_malloc.dylib
0x000000000d839000 	/usr/lib/system/libsystem_network.dylib
0x000000000d839000 	/usr/lib/system/libsystem_networkextension.dylib
0x000000000d839000 	/usr/lib/system/libsystem_notify.dylib
0x000000000d839000 	/usr/lib/system/libsystem_platform.dylib
0x000000000d839000 	/usr/lib/system/libsystem_pthread.dylib
0x000000000d839000 	/usr/lib/system/libsystem_sandbox.dylib
0x000000000d839000 	/usr/lib/system/libsystem_secinit.dylib
0x000000000d839000 	/usr/lib/system/libsystem_stats.dylib
0x000000000d839000 	/usr/lib/system/libsystem_trace.dylib
0x000000000d839000 	/usr/lib/system/libunc.dylib
0x000000000d839000 	/usr/lib/system/libunwind.dylib
0x000000000d839000 	/usr/lib/system/libxpc.dylib
0x000000000d839000 	/usr/lib/libbz2.1.0.dylib
0x000000000d839000 	/usr/lib/liblzma.5.dylib
0x000000000d839000 	/usr/lib/libbsm.0.dylib
0x000000000d839000 	/usr/lib/libsqlite3.dylib
0x000000000d839000 	/usr/lib/system/libkxld.dylib
0x000000000d839000 	/usr/lib/libxar.1.dylib
0x000000000d839000 	/usr/lib/libpam.2.dylib
0x000000000d839000 	/usr/lib/libOpenScriptingUtil.dylib
0x000000000d839000 	/System/Library/Frameworks/CoreServices.framework/Versions/A/Frameworks/FSEvents.framework/Versions/A/FSEvents
0x000000000d839000 	/System/Library/Frameworks/CoreServices.framework/Versions/A/Frameworks/CarbonCore.framework/Versions/A/CarbonCore
0x000000000d839000 	/System/Library/Frameworks/CoreServices.framework/Versions/A/Frameworks/Metadata.framework/Versions/A/Metadata
0x000000000d839000 	/System/Library/Frameworks/CoreServices.framework/Versions/A/Frameworks/OSServices.framework/Versions/A/OSServices
0x000000000d839000 	/System/Library/Frameworks/CoreServices.framework/Versions/A/Frameworks/SearchKit.framework/Versions/A/SearchKit
0x000000000d839000 	/System/Library/Frameworks/CoreServices.framework/Versions/A/Frameworks/AE.framework/Versions/A/AE
0x000000000d839000 	/System/Library/Frameworks/CoreServices.framework/Versions/A/Frameworks/LaunchServices.framework/Versions/A/LaunchServices
0x000000000d839000 	/System/Library/Frameworks/CoreServices.framework/Versions/A/Frameworks/DictionaryServices.framework/Versions/A/DictionaryServices
0x000000000d839000 	/System/Library/Frameworks/NetFS.framework/Versions/A/NetFS
0x000000000d839000 	/System/Library/PrivateFrameworks/NetAuth.framework/Versions/A/NetAuth
0x000000000d839000 	/System/Library/PrivateFrameworks/login.framework/Versions/A/Frameworks/loginsupport.framework/Versions/A/loginsupport
0x000000000d839000 	/System/Library/PrivateFrameworks/TCC.framework/Versions/A/TCC
0x000000000d839000 	/usr/lib/libmecabra.dylib
0x000000000d839000 	/System/Library/Frameworks/ApplicationServices.framework/Versions/A/Frameworks/ATS.framework/Versions/A/ATS
0x000000000d839000 	/System/Library/Frameworks/ApplicationServices.framework/Versions/A/Frameworks/ColorSync.framework/Versions/A/ColorSync
0x000000000d839000 	/System/Library/Frameworks/ApplicationServices.framework/Versions/A/Frameworks/HIServices.framework/Versions/A/HIServices
0x000000000d839000 	/System/Library/Frameworks/ApplicationServices.framework/Versions/A/Frameworks/LangAnalysis.framework/Versions/A/LangAnalysis
0x000000000d839000 	/System/Library/Frameworks/ApplicationServices.framework/Versions/A/Frameworks/PrintCore.framework/Versions/A/PrintCore
0x000000000d839000 	/System/Library/Frameworks/ApplicationServices.framework/Versions/A/Frameworks/QD.framework/Versions/A/QD
0x000000000d839000 	/System/Library/Frameworks/ApplicationServices.framework/Versions/A/Frameworks/SpeechSynthesis.framework/Versions/A/SpeechSynthesis
0x000000000d839000 	/System/Library/Frameworks/Accelerate.framework/Versions/A/Accelerate
0x000000000d839000 	/System/Library/Frameworks/Accelerate.framework/Versions/A/Frameworks/vImage.framework/Versions/A/vImage
0x000000000d839000 	/System/Library/Frameworks/Accelerate.framework/Versions/A/Frameworks/vecLib.framework/Versions/A/vecLib
0x000000000d839000 	/System/Library/Frameworks/Accelerate.framework/Versions/A/Frameworks/vecLib.framework/Versions/A/libvDSP.dylib
0x000000000d839000 	/System/Library/Frameworks/Accelerate.framework/Versions/A/Frameworks/vecLib.framework/Versions/A/libvMisc.dylib
0x000000000d839000 	/System/Library/Frameworks/Accelerate.framework/Versions/A/Frameworks/vecLib.framework/Versions/A/libLAPACK.dylib
0x000000000d839000 	/System/Library/Frameworks/Accelerate.framework/Versions/A/Frameworks/vecLib.framework/Versions/A/libBLAS.dylib
0x000000000d839000 	/System/Library/Frameworks/Accelerate.framework/Versions/A/Frameworks/vecLib.framework/Versions/A/libLinearAlgebra.dylib
0x000000000d839000 	/System/Library/Frameworks/ApplicationServices.framework/Versions/A/Frameworks/ATS.framework/Versions/A/Resources/libFontParser.dylib
0x000000000d839000 	/System/Library/Frameworks/ApplicationServices.framework/Versions/A/Frameworks/ATS.framework/Versions/A/Resources/libFontRegistry.dylib
0x000000000d839000 	/System/Library/PrivateFrameworks/AppleVPA.framework/Versions/A/AppleVPA
0x000000000d839000 	/System/Library/PrivateFrameworks/AppleJPEG.framework/Versions/A/AppleJPEG
0x000000000d839000 	/System/Library/Frameworks/ImageIO.framework/Versions/A/Resources/libJPEG.dylib
0x000000000d839000 	/System/Library/Frameworks/ImageIO.framework/Versions/A/Resources/libTIFF.dylib
0x000000000d839000 	/System/Library/Frameworks/ImageIO.framework/Versions/A/Resources/libPng.dylib
0x000000000d839000 	/System/Library/Frameworks/ImageIO.framework/Versions/A/Resources/libGIF.dylib
0x000000000d839000 	/System/Library/Frameworks/ImageIO.framework/Versions/A/Resources/libJP2.dylib
0x000000000d839000 	/System/Library/Frameworks/ImageIO.framework/Versions/A/Resources/libRadiance.dylib
0x000000000d839000 	/System/Library/Frameworks/CoreVideo.framework/Versions/A/CoreVideo
0x000000000d839000 	/System/Library/Frameworks/OpenGL.framework/Versions/A/Libraries/libGLU.dylib
0x000000000d839000 	/System/Library/Frameworks/OpenGL.framework/Versions/A/Libraries/libGFXShared.dylib
0x000000000d839000 	/System/Library/Frameworks/OpenGL.framework/Versions/A/Libraries/libGL.dylib
0x000000000d839000 	/System/Library/Frameworks/OpenGL.framework/Versions/A/Libraries/libGLImage.dylib
0x000000000d839000 	/System/Library/Frameworks/OpenGL.framework/Versions/A/Libraries/libCVMSPluginSupport.dylib
0x000000000d839000 	/System/Library/Frameworks/OpenGL.framework/Versions/A/Libraries/libCoreVMClient.dylib
0x000000000d839000 	/usr/lib/libcups.2.dylib
0x000000000d839000 	/System/Library/Frameworks/Kerberos.framework/Versions/A/Kerberos
0x000000000d839000 	/System/Library/Frameworks/GSS.framework/Versions/A/GSS
0x000000000d839000 	/usr/lib/libresolv.9.dylib
0x000000000d839000 	/usr/lib/libiconv.2.dylib
0x000000000d839000 	/System/Library/PrivateFrameworks/Heimdal.framework/Versions/A/Heimdal
0x000000000d839000 	/usr/lib/libheimdal-asn1.dylib
0x000000000d839000 	/System/Library/Frameworks/OpenDirectory.framework/Versions/A/OpenDirectory
0x000000000d839000 	/System/Library/PrivateFrameworks/CommonAuth.framework/Versions/A/CommonAuth
0x000000000d839000 	/System/Library/Frameworks/OpenDirectory.framework/Versions/A/Frameworks/CFOpenDirectory.framework/Versions/A/CFOpenDirectory
0x000000000d839000 	/System/Library/Frameworks/SecurityFoundation.framework/Versions/A/SecurityFoundation
0x000000000d839000 	/System/Library/PrivateFrameworks/LanguageModeling.framework/Versions/A/LanguageModeling
0x000000000d839000 	/usr/lib/libcmph.dylib
0x000000000d839000 	/System/Library/Frameworks/ServiceManagement.framework/Versions/A/ServiceManagement
0x000000000d839000 	/usr/lib/libxslt.1.dylib
0x000000000d839000 	/System/Library/Frameworks/Carbon.framework/Versions/A/Frameworks/Ink.framework/Versions/A/Ink
0x000000000d839000 	/System/Library/Frameworks/QuartzCore.framework/Versions/A/Frameworks/CoreImage.framework/Versions/A/CoreImage
0x000000000d839000 	/System/Library/PrivateFrameworks/CrashReporterSupport.framework/Versions/A/CrashReporterSupport
0x000000000d839000 	/System/Library/Frameworks/OpenCL.framework/Versions/A/OpenCL
0x000000000d839000 	/System/Library/PrivateFrameworks/FaceCore.framework/Versions/A/FaceCore
0x000000000d839000 	/System/Library/PrivateFrameworks/Ubiquity.framework/Versions/A/Ubiquity
0x000000000d839000 	/System/Library/PrivateFrameworks/IconServices.framework/Versions/A/IconServices
0x000000000d839000 	/System/Library/PrivateFrameworks/ChunkingLibrary.framework/Versions/A/ChunkingLibrary
0x000000000d839000 	/System/Library/PrivateFrameworks/Apple80211.framework/Versions/A/Apple80211
0x000000000d839000 	/System/Library/Frameworks/CoreWLAN.framework/Versions/A/CoreWLAN
0x000000000d839000 	/System/Library/Frameworks/IOBluetooth.framework/Versions/A/IOBluetooth
0x000000000d839000 	/System/Library/PrivateFrameworks/CoreWiFi.framework/Versions/A/CoreWiFi
0x000000000d839000 	/System/Library/Frameworks/CoreBluetooth.framework/Versions/A/CoreBluetooth
0x000000000d839000 	/System/Library/PrivateFrameworks/DebugSymbols.framework/Versions/A/DebugSymbols
0x000000000d839000 	/System/Library/PrivateFrameworks/CoreSymbolication.framework/Versions/A/CoreSymbolication
0x000000000d839000 	/System/Library/PrivateFrameworks/Symbolication.framework/Versions/A/Symbolication
0x000000000d839000 	/System/Library/PrivateFrameworks/SpeechRecognitionCore.framework/Versions/A/SpeechRecognitionCore
0x000000010b000000 	/Library/Java/JavaVirtualMachines/jdk1.8.0_60.jdk/Contents/Home/jre/lib/server/libjvm.dylib
0x000000000d839000 	/usr/lib/libstdc++.6.dylib
0x000000010c090000 	/Library/Java/JavaVirtualMachines/jdk1.8.0_60.jdk/Contents/Home/jre/lib/libverify.dylib
0x000000010c09e000 	/Library/Java/JavaVirtualMachines/jdk1.8.0_60.jdk/Contents/Home/jre/lib/libjava.dylib
0x000000010c0dd000 	/Library/Java/JavaVirtualMachines/jdk1.8.0_60.jdk/Contents/Home/jre/lib/libzip.dylib
0x00000001a0e84000 	/System/Library/Frameworks/JavaVM.framework/Frameworks/JavaRuntimeSupport.framework/JavaRuntimeSupport
0x00000001a0e9c000 	/System/Library/Frameworks/JavaVM.framework/Versions/A/Frameworks/JavaNativeFoundation.framework/Versions/A/JavaNativeFoundation
0x00000001a0eb1000 	/System/Library/Frameworks/JavaVM.framework/Versions/A/JavaVM
0x000000000d839000 	/System/Library/Frameworks/Carbon.framework/Versions/A/Carbon
0x00000001a0ebe000 	/System/Library/PrivateFrameworks/JavaLaunching.framework/Versions/A/JavaLaunching
0x000000000d839000 	/System/Library/Frameworks/Carbon.framework/Versions/A/Frameworks/CommonPanels.framework/Versions/A/CommonPanels
0x000000000d839000 	/System/Library/Frameworks/Carbon.framework/Versions/A/Frameworks/Help.framework/Versions/A/Help
0x000000000d839000 	/System/Library/Frameworks/Carbon.framework/Versions/A/Frameworks/ImageCapture.framework/Versions/A/ImageCapture
0x000000000d839000 	/System/Library/Frameworks/Carbon.framework/Versions/A/Frameworks/OpenScripting.framework/Versions/A/OpenScripting
0x000000000d839000 	/System/Library/Frameworks/Carbon.framework/Versions/A/Frameworks/Print.framework/Versions/A/Print
0x000000000d839000 	/System/Library/Frameworks/Carbon.framework/Versions/A/Frameworks/SecurityHI.framework/Versions/A/SecurityHI
0x00000001a300a000 	/Library/Java/JavaVirtualMachines/jdk1.8.0_60.jdk/Contents/Home/jre/lib/libprism_es2.dylib
0x000000000d839000 	/System/Library/Frameworks/OpenGL.framework/Versions/A/Resources/GLEngine.bundle/GLEngine
0x000000000d839000 	/System/Library/Frameworks/OpenGL.framework/Versions/A/Libraries/libGLProgrammability.dylib
0x00000001a308c000 	/System/Library/Extensions/AppleIntelHD4000GraphicsGLDriver.bundle/Contents/MacOS/AppleIntelHD4000GraphicsGLDriver
0x000000000d839000 	/System/Library/PrivateFrameworks/IOAccelerator.framework/Versions/A/IOAccelerator
0x000000000d839000 	/System/Library/PrivateFrameworks/GPUSupport.framework/Versions/A/Libraries/libGPUSupportMercury.dylib
0x000000000d839000 	/System/Library/Frameworks/OpenGL.framework/Versions/A/Resources/GLRendererFloat.bundle/GLRendererFloat
0x000000000d839000 	/System/Library/Frameworks/OpenCL.framework/Versions/A/Libraries/libcldcpuengine.dylib
0x000000000d839000 	/System/Library/PrivateFrameworks/DiskImages.framework/Versions/A/DiskImages
0x000000000d839000 	/System/Library/Frameworks/DiscRecording.framework/Versions/A/DiscRecording
0x000000000d839000 	/usr/lib/libcsfde.dylib
0x000000000d839000 	/usr/lib/libcurl.4.dylib
0x000000000d839000 	/System/Library/PrivateFrameworks/MediaKit.framework/Versions/A/MediaKit
0x000000000d839000 	/System/Library/PrivateFrameworks/ProtectedCloudStorage.framework/Versions/A/ProtectedCloudStorage
0x000000000d839000 	/usr/lib/libCoreStorage.dylib
0x000000000d839000 	/System/Library/PrivateFrameworks/EFILogin.framework/Versions/A/EFILogin
0x000000000d839000 	/usr/lib/libutil.dylib
0x000000000d839000 	/System/Library/PrivateFrameworks/FindMyDevice.framework/Versions/A/FindMyDevice
0x000000000d839000 	/System/Library/Frameworks/LDAP.framework/Versions/A/LDAP
0x000000000d839000 	/usr/lib/libsasl2.2.dylib
0x000000000d839000 	/System/Library/PrivateFrameworks/CoreDaemon.framework/Versions/B/CoreDaemon
0x000000000d839000 	/usr/lib/libcrypto.0.9.8.dylib
0x000000000d839000 	/System/Library/PrivateFrameworks/AppleSRP.framework/Versions/A/AppleSRP
0x000000000d839000 	/System/Library/PrivateFrameworks/TrustEvaluationAgent.framework/Versions/A/TrustEvaluationAgent
0x00000001a3b9d000 	/Library/Java/JavaVirtualMachines/jdk1.8.0_60.jdk/Contents/Home/jre/lib/libglass.dylib
0x000000000d839000 	/System/Library/PrivateFrameworks/CoreServicesInternal.framework/Versions/A/CoreServicesInternal
0x000000000d839000 	/System/Library/PrivateFrameworks/CloudDocs.framework/Versions/A/CloudDocs
0x000000000d839000 	/System/Library/PrivateFrameworks/CoreDuet.framework/Versions/A/CoreDuet
0x000000000d839000 	/System/Library/Frameworks/CloudKit.framework/Versions/A/CloudKit
0x000000000d839000 	/System/Library/PrivateFrameworks/ProtocolBuffer.framework/Versions/A/ProtocolBuffer
0x000000000d839000 	/System/Library/PrivateFrameworks/CoreDuetDaemonProtocol.framework/Versions/A/CoreDuetDaemonProtocol
0x000000000d839000 	/System/Library/PrivateFrameworks/CoreDuetDebugLogging.framework/Versions/A/CoreDuetDebugLogging
0x000000000d839000 	/System/Library/PrivateFrameworks/MMCS.framework/Versions/A/MMCS
0x000000000d839000 	/System/Library/Frameworks/CoreLocation.framework/Versions/A/CoreLocation
0x000000000d839000 	/System/Library/PrivateFrameworks/GeoServices.framework/Versions/A/GeoServices
0x000000000d839000 	/System/Library/Frameworks/CoreGraphics.framework/Versions/A/Resources/libCGCMS.A.dylib
0x000000000d839000 	/System/Library/CoreServices/RawCamera.bundle/Contents/MacOS/RawCamera
0x000000000d839000 	/System/Library/Frameworks/CoreGraphics.framework/Versions/A/Resources/libRIP.A.dylib
0x000000000d839000 	/System/Library/PrivateFrameworks/FamilyControls.framework/Versions/A/FamilyControls
0x000000000d839000 	/System/Library/PrivateFrameworks/CommerceKit.framework/Versions/A/Frameworks/CommerceCore.framework/Versions/A/CommerceCore
0x000000000d839000 	/System/Library/PrivateFrameworks/SystemAdministration.framework/Versions/A/SystemAdministration
0x000000000d839000 	/System/Library/PrivateFrameworks/AppContainer.framework/Versions/A/AppContainer
0x000000000d839000 	/System/Library/PrivateFrameworks/SecCodeWrapper.framework/Versions/A/SecCodeWrapper
0x000000000d839000 	/System/Library/Frameworks/DirectoryService.framework/Versions/A/DirectoryService
0x000000000d839000 	/System/Library/PrivateFrameworks/LoginUIKit.framework/Versions/A/Frameworks/LoginUICore.framework/Versions/A/LoginUICore
0x000000000d839000 	/usr/lib/libodfde.dylib
0x00000001a7ae5000 	/Library/Java/JavaVirtualMachines/jdk1.8.0_60.jdk/Contents/Home/jre/lib/libjavafx_iio.dylib
0x00000001a7ee6000 	/Library/Java/JavaVirtualMachines/jdk1.8.0_60.jdk/Contents/Home/jre/lib/libglib-lite.dylib
0x00000001a8007000 	/Library/Java/JavaVirtualMachines/jdk1.8.0_60.jdk/Contents/Home/jre/lib/libgstreamer-lite.dylib
0x00000001a817f000 	/Library/Java/JavaVirtualMachines/jdk1.8.0_60.jdk/Contents/Home/jre/lib/libjfxmedia.dylib
0x00000001a81ba000 	/Library/Java/JavaVirtualMachines/jdk1.8.0_60.jdk/Contents/Home/jre/lib/libjfxmedia_avf.dylib
0x000000000d839000 	/System/Library/Frameworks/AVFoundation.framework/Versions/A/AVFoundation
0x000000000d839000 	/System/Library/Frameworks/CoreMedia.framework/Versions/A/CoreMedia
0x000000000d839000 	/System/Library/Frameworks/MediaToolbox.framework/Versions/A/MediaToolbox
0x000000000d839000 	/System/Library/Frameworks/AVFoundation.framework/Versions/A/Resources/libAVFAudio.dylib
0x000000000d839000 	/System/Library/Frameworks/VideoToolbox.framework/Versions/A/VideoToolbox
0x000000000d839000 	/System/Library/Frameworks/CoreMediaIO.framework/Versions/A/CoreMediaIO
0x000000000d839000 	/System/Library/PrivateFrameworks/MediaControlSender.framework/Versions/A/MediaControlSender
0x000000000d839000 	/System/Library/PrivateFrameworks/CoreAVCHD.framework/Versions/A/CoreAVCHD
0x000000000d839000 	/System/Library/Frameworks/MediaAccessibility.framework/Versions/A/MediaAccessibility
0x000000000d839000 	/System/Library/PrivateFrameworks/Mangrove.framework/Versions/A/Mangrove
0x000000000d839000 	/System/Library/PrivateFrameworks/CoreAUC.framework/Versions/A/CoreAUC
0x000000000d839000 	/System/Library/PrivateFrameworks/NetworkStatistics.framework/Versions/A/NetworkStatistics
0x000000000d839000 	/System/Library/PrivateFrameworks/AirPlaySupport.framework/Versions/A/AirPlaySupport
0x000000000d839000 	/System/Library/PrivateFrameworks/CoreUtils.framework/Versions/A/CoreUtils
0x000000000d839000 	/System/Library/PrivateFrameworks/AppleVA.framework/Versions/A/AppleVA
0x000000000d839000 	/System/Library/PrivateFrameworks/XPCService.framework/Versions/A/XPCService
0x000000000d839000 	/System/Library/PrivateFrameworks/AppSandbox.framework/Versions/A/AppSandbox
0x000000000d839000 	/usr/lib/libsandbox.1.dylib
0x000000000d839000 	/usr/lib/libMatch.1.dylib
0x00000001a81ef000 	/Library/Java/JavaVirtualMachines/jdk1.8.0_60.jdk/Contents/Home/jre/lib/libjfxmedia_qtkit.dylib
0x000000000d839000 	/System/Library/Frameworks/QTKit.framework/Versions/A/QTKit
0x000000000d839000 	/System/Library/PrivateFrameworks/CoreMediaAuthoring.framework/Versions/A/CoreMediaAuthoring
0x00000001a81fc000 	/Library/Java/JavaVirtualMachines/jdk1.8.0_60.jdk/Contents/Home/jre/lib/libfxplugins.dylib
0x00000001a8227000 	/System/Library/Frameworks/VideoDecodeAcceleration.framework/Versions/A/VideoDecodeAcceleration
0x00000001a82b0000 	/Library/Java/JavaVirtualMachines/jdk1.8.0_60.jdk/Contents/Home/jre/lib/libnet.dylib
0x00000001a82c7000 	/Library/Java/JavaVirtualMachines/jdk1.8.0_60.jdk/Contents/Home/jre/lib/libnio.dylib
0x00000001a84e0000 	/System/Library/PrivateFrameworks/AppleGVA.framework/AppleGVA
0x00000001a8820000 	/System/Library/Extensions/AppleIntelHD4000GraphicsVADriver.bundle/Contents/MacOS/AppleIntelHD4000GraphicsVADriver
0x00000001a8a96000 	/System/Library/Extensions/AppleIntelIVBVA.bundle/Contents/MacOS/AppleIntelIVBVA
0x00000001ab817000 	/System/Library/Extensions/AppleHDA.kext/Contents/PlugIns/AppleHDAHALPlugIn.bundle/Contents/MacOS/AppleHDAHALPlugIn
0x00000001ab848000 	/System/Library/Components/CoreAudio.component/Contents/MacOS/CoreAudio
0x00000001abce5000 	/System/Library/Components/AudioCodecs.component/Contents/MacOS/AudioCodecs
0x00000001ac42d000 	/Library/Java/JavaVirtualMachines/jdk1.8.0_60.jdk/Contents/Home/jre/lib/libjavafx_font.dylib
0x000000000d839000 	/System/Library/Frameworks/CoreGraphics.framework/Versions/A/Resources/libCGXType.A.dylib
0x00000001ae069000 	cl_kernels
0x00000001ae454000 	/System/Library/Frameworks/OpenCL.framework/Versions/A/Libraries/ImageFormats/unorm8_bgra.dylib
0x00000001ae0ac000 	cl_kernels

VM Arguments:
jvm_args: -Dfile.encoding=UTF-8 
java_command: src.ledServer.LedFxManager /Users/elihundia/Pictures/gcastbackgrounds/back /Users/elihundia/Pictures/gcastbackgrounds/pic /Users/elihundia/Pictures/gcastbackgrounds/scenematic 1280 720
java_class_path (initial): /Users/elihundia/Development/LED/LedFx_Server/bin
Launcher Type: SUN_STANDARD

Environment Variables:
PATH=/usr/bin:/bin:/usr/sbin:/sbin
SHELL=/bin/bash

Signal Handlers:
SIGSEGV: [libjvm.dylib+0x5a6d31], sa_mask[0]=11111111011111110111111111111111, sa_flags=SA_ONSTACK|SA_RESTART|SA_SIGINFO
SIGBUS: [libjvm.dylib+0x5a6d31], sa_mask[0]=11111111011111110111111111111111, sa_flags=SA_RESTART|SA_SIGINFO
SIGFPE: [libjvm.dylib+0x480a4c], sa_mask[0]=11111111011111110111111111111111, sa_flags=SA_RESTART|SA_SIGINFO
SIGPIPE: [libjvm.dylib+0x480a4c], sa_mask[0]=11111111011111110111111111111111, sa_flags=SA_RESTART|SA_SIGINFO
SIGXFSZ: [libjvm.dylib+0x480a4c], sa_mask[0]=11111111011111110111111111111111, sa_flags=SA_RESTART|SA_SIGINFO
SIGILL: [libjvm.dylib+0x480a4c], sa_mask[0]=11111111011111110111111111111111, sa_flags=SA_RESTART|SA_SIGINFO
SIGUSR1: SIG_DFL, sa_mask[0]=00000000000000000000000000000000, sa_flags=none
SIGUSR2: [libjvm.dylib+0x48056a], sa_mask[0]=00100000000000000000000000000000, sa_flags=SA_RESTART|SA_SIGINFO
SIGHUP: [AudioToolbox+0xf933a], sa_mask[0]=00000000000000000000000000000000, sa_flags=SA_RESTART
SIGINT: [libjvm.dylib+0x47eb41], sa_mask[0]=11111111011111110111111111111111, sa_flags=SA_RESTART|SA_SIGINFO
SIGTERM: [libjvm.dylib+0x47eb41], sa_mask[0]=11111111011111110111111111111111, sa_flags=SA_RESTART|SA_SIGINFO
SIGQUIT: [libjvm.dylib+0x47eb41], sa_mask[0]=11111111011111110111111111111111, sa_flags=SA_RESTART|SA_SIGINFO


---------------  S Y S T E M  ---------------

OS:Bsduname:Darwin 14.5.0 Darwin Kernel Version 14.5.0: Tue Sep  1 21:23:09 PDT 2015; root:xnu-2782.50.1~1/RELEASE_X86_64 x86_64
rlimit: STACK 8192k, CORE 0k, NPROC 709, NOFILE 10240, AS infinity
load average:2.15 1.76 1.37

CPU:total 8 (4 cores per cpu, 2 threads per core) family 6 model 58 stepping 9, cmov, cx8, fxsr, mmx, sse, sse2, sse3, ssse3, sse4.1, sse4.2, popcnt, avx, aes, clmul, erms, ht, tsc, tscinvbit, tscinv

Memory: 4k page, physical 4194304k(110520k free)

/proc/meminfo:


vm_info: Java HotSpot(TM) 64-Bit Server VM (25.60-b23) for bsd-amd64 JRE (1.8.0_60-b27), built on Aug  4 2015 10:47:24 by "java_re" with gcc 4.2.1 (Based on Apple Inc. build 5658) (LLVM build 2336.11.00)

time: Sat Nov  7 18:28:35 2015
elapsed time: 86 seconds (0d 0h 1m 26s)

